<?xml version="1.0" encoding="UTF-8"?>
<!-- Generated by org.testng.reporters.JUnitXMLReporter -->
<testsuite ignored="0" hostname="Тоха" failures="1" tests="4" name="Fourth test suite" time="0.117" errors="0" timestamp="01 дек. 2018 07:29:25 GMT">
  <testcase classname="triangle_test.Test_DetectTriangle" name="test_isTriangleRectangularABC" time="0.026"/>
  <testcase classname="triangle_test.Test_DetectTriangle" name="test_isTriangleRectangularACB" time="0.003">
    <failure type="java.lang.AssertionError" message="expected [true] but found [false]">
      <![CDATA[java.lang.AssertionError: expected [true] but found [false]
	at triangle_test.Test_DetectTriangle.test_isTriangleRectangularACB(Test_DetectTriangle.java:54)
... Removed 29 stack frames]]>
    </failure>
  </testcase> <!-- test_isTriangleRectangularACB -->
  <testcase classname="triangle_test.Test_DetectTriangle" name="test_isTriangleRectangularALL" time="0.003"/>
  <testcase classname="triangle_test.Test_DetectTriangle" name="test_isTriangleRectangularBCA" time="0.003"/>
</testsuite> <!-- Fourth test suite -->
