<!DOCTYPE html PUBLIC "-//W3C//DTD XHTML 1.1//EN" "http://www.w3.org/TR/xhtml11/DTD/xhtml11.dtd">
<html xmlns="http://www.w3.org/1999/xhtml"><head><title>TestNG Report</title><style type="text/css">table {margin-bottom:10px;border-collapse:collapse;empty-cells:show}th,td {border:1px solid #009;padding:.25em .5em}th {vertical-align:bottom}td {vertical-align:top}table a {font-weight:bold}.stripe td {background-color: #E6EBF9}.num {text-align:right}.passedodd td {background-color: #3F3}.passedeven td {background-color: #0A0}.skippedodd td {background-color: #DDD}.skippedeven td {background-color: #CCC}.failedodd td,.attn {background-color: #F33}.failedeven td,.stripe .attn {background-color: #D00}.stacktrace {white-space:pre;font-family:monospace}.totop {font-size:85%;text-align:center;border-bottom:2px solid #000}</style></head><body><table><tr><th>Test</th><th># Passed</th><th># Skipped</th><th># Failed</th><th>Time (ms)</th><th>Included Groups</th><th>Excluded Groups</th></tr><tr><th colspan="7">Suite</th></tr><tr><td><a href="#t0">First test suite</a></td><td class="num">1</td><td class="num">0</td><td class="num attn">4</td><td class="num">81</td><td></td><td></td></tr><tr class="stripe"><td><a href="#t1">Second test suite</a></td><td class="num">2</td><td class="num">0</td><td class="num">0</td><td class="num">7</td><td>triangleExists</td><td></td></tr><tr><td><a href="#t2">Third test suite for dataProvider</a></td><td class="num">3</td><td class="num">0</td><td class="num">0</td><td class="num">19</td><td></td><td></td></tr><tr><th>Total</th><th class="num">6</th><th class="num">0</th><th class="num attn">4</th><th class="num">107</th><th colspan="2"></th></tr></table><table id='summary'><thead><tr><th>Class</th><th>Method</th><th>Start</th><th>Time (ms)</th></tr></thead><tbody><tr><th colspan="4">Suite</th></tr></tbody><tbody id="t0"><tr><th colspan="4">First test suite &#8212; failed</th></tr><tr class="failedeven"><td rowspan="4">triangle_test.Test_getSquareOfTriangle</td><td><a href="#m0">test_SquareOverflow</a></td><td rowspan="1">1543479272173</td><td rowspan="1">16</td></tr><tr class="failedeven"><td><a href="#m1">test_getSquareNegManual</a></td><td rowspan="1">1543479272194</td><td rowspan="1">2</td></tr><tr class="failedeven"><td><a href="#m2">test_getSquareNegativeSide</a></td><td rowspan="1">1543479272201</td><td rowspan="1">5</td></tr><tr class="failedeven"><td><a href="#m3">test_getSquareTrCantExist</a></td><td rowspan="1">1543479272217</td><td rowspan="1">2</td></tr><tr><th colspan="4">First test suite &#8212; passed</th></tr><tr class="passedeven"><td rowspan="1">triangle_test.Test_getSquareOfTriangle</td><td><a href="#m4">test_getSquareRectangTrianAnotherEquation</a></td><td rowspan="1">1543479272211</td><td rowspan="1">3</td></tr></tbody><tbody id="t1"><tr><th colspan="4">Second test suite &#8212; passed</th></tr><tr class="passedeven"><td rowspan="2">triangle_test.Test_getSquareOfTriangle</td><td><a href="#m5">test_getSquare</a></td><td rowspan="1">1543479272328</td><td rowspan="1">1</td></tr><tr class="passedeven"><td><a href="#m6">test_getSquareRectangTrianAnotherEquation</a></td><td rowspan="1">1543479272331</td><td rowspan="1">1</td></tr></tbody><tbody id="t2"><tr><th colspan="4">Third test suite for dataProvider &#8212; passed</th></tr><tr class="passedeven"><td rowspan="3">triangle_test.Tst_TriangleDataProvider</td><td><a href="#m7">test_getSquareDataProvider</a></td><td rowspan="3">1543479272394</td><td rowspan="3">2</td></tr><tr class="passedeven"><td><a href="#m8">test_getSquareDataProvider</a></td></tr><tr class="passedeven"><td><a href="#m9">test_getSquareDataProvider</a></td></tr></tbody></table><h2>First test suite</h2><h3 id="m0">triangle_test.Test_getSquareOfTriangle#test_SquareOverflow</h3><table class="result"><tr><th>Exception</th></tr><tr><td><div class="stacktrace">org.testng.TestException: 
Method Test_getSquareOfTriangle.test_SquareOverflow()[pri:0, instance:triangle_test.Test_getSquareOfTriangle@1190200a] should have thrown an exception of type class java.lang.Exception
... Removed 22 stack frames</div></td></tr></table><p class="totop"><a href="#summary">back to summary</a></p><h3 id="m1">triangle_test.Test_getSquareOfTriangle#test_getSquareNegManual</h3><table class="result"><tr><th>Exception</th></tr><tr><td><div class="stacktrace">java.lang.AssertionError: Calculates square of triangle with negative side
	at triangle_test.Test_getSquareOfTriangle.test_getSquareNegManual(Test_getSquareOfTriangle.java:60)
... Removed 26 stack frames</div></td></tr></table><p class="totop"><a href="#summary">back to summary</a></p><h3 id="m2">triangle_test.Test_getSquareOfTriangle#test_getSquareNegativeSide</h3><table class="result"><tr><th>Exception</th></tr><tr><td><div class="stacktrace">java.lang.AssertionError: expected [6] but found [6.0]
	at triangle_test.Test_getSquareOfTriangle.test_getSquareNegativeSide(Test_getSquareOfTriangle.java:52)
... Removed 30 stack frames</div></td></tr></table><p class="totop"><a href="#summary">back to summary</a></p><h3 id="m3">triangle_test.Test_getSquareOfTriangle#test_getSquareTrCantExist</h3><table class="result"><tr><th>Exception</th></tr><tr><td><div class="stacktrace">java.lang.AssertionError: expected [3] but found [NaN]
	at triangle_test.Test_getSquareOfTriangle.test_getSquareTrCantExist(Test_getSquareOfTriangle.java:36)
... Removed 30 stack frames</div></td></tr></table><p class="totop"><a href="#summary">back to summary</a></p><h3 id="m4">triangle_test.Test_getSquareOfTriangle#test_getSquareRectangTrianAnotherEquation</h3><table class="result"></table><p class="totop"><a href="#summary">back to summary</a></p><h2>Second test suite</h2><h3 id="m5">triangle_test.Test_getSquareOfTriangle#test_getSquare</h3><table class="result"></table><p class="totop"><a href="#summary">back to summary</a></p><h3 id="m6">triangle_test.Test_getSquareOfTriangle#test_getSquareRectangTrianAnotherEquation</h3><table class="result"></table><p class="totop"><a href="#summary">back to summary</a></p><h2>Third test suite for dataProvider</h2><h3 id="m7">triangle_test.Tst_TriangleDataProvider#test_getSquareDataProvider</h3><table class="result"><tr class="param"><th>Parameter #1</th></tr><tr class="param stripe"><td>[3.0, 4.0, 5.0]</td></tr></table><p class="totop"><a href="#summary">back to summary</a></p><h3 id="m8">triangle_test.Tst_TriangleDataProvider#test_getSquareDataProvider</h3><table class="result"><tr class="param"><th>Parameter #1</th></tr><tr class="param stripe"><td>[3.0E8, 4.0E7, 5.0E7]</td></tr></table><p class="totop"><a href="#summary">back to summary</a></p><h3 id="m9">triangle_test.Tst_TriangleDataProvider#test_getSquareDataProvider</h3><table class="result"><tr class="param"><th>Parameter #1</th></tr><tr class="param stripe"><td>[1.0, 2.0, 3.0]</td></tr></table><p class="totop"><a href="#summary">back to summary</a></p></body></html>